La génération a démarré 22/03/2013 17:38:54.
     1>Projet "C:\Users\amghar\Documents\Visual Studio 2010\Projects\DualTouch\DualTouch\DualTouch\DualTouch.vcxproj" sur le nœud 2 (build cible(s)).
     1>InitializeBuildStatus:
         Création de "Debug\DualTouch.unsuccessfulbuild", car "AlwaysCreate" a été spécifié.
       ClCompile:
         C:\Program Files\Microsoft Visual Studio 10.0\VC\bin\CL.exe /c /I"C:\sdk\bullet-2.78\src" /I"C:\sdk\freeglut-2.6.0\include" /ZI /nologo /W3 /WX- /Od /Oy- /D WIN32 /D _DEBUG /D _CONSOLE /D _UNICODE /D UNICODE /Gm /EHsc /RTC1 /MDd /GS /fp:precise /Zc:wchar_t /Zc:forScope /Fo"Debug\\" /Fd"Debug\vc100.pdb" /Gd /TP /analyze- /errorReport:prompt DualTouch.cpp
         DualTouch.cpp
         Note: including lib: glut32.lib
         
       ManifestResourceCompile:
         Toutes les sorties sont à jour.
       Link:
         C:\Program Files\Microsoft Visual Studio 10.0\VC\bin\link.exe /ERRORREPORT:PROMPT /OUT:"C:\Users\amghar\Documents\Visual Studio 2010\Projects\DualTouch\DualTouch\Debug\DualTouch.exe" /INCREMENTAL /NOLOGO /LIBPATH:"C:\Program Files\SensAble\3DTouch\utilities\lib\Win32\Debug" /LIBPATH:"C:\Program Files\SensAble\3DTouch\lib\win32" /LIBPATH:"C:\sdk\bullet-2.81-rev2613\bullet-2.81-rev2613\Glut" /LIBPATH:"C:\sdk\bullet-2.81-rev2613\bullet-2.81-rev2613\lib" kernel32.lib user32.lib gdi32.lib winspool.lib comdlg32.lib advapi32.lib shell32.lib ole32.lib oleaut32.lib uuid.lib odbc32.lib odbccp32.lib /NODEFAULTLIB:libcmt.lib /NODEFAULTLIB:libcmtd.lib /MANIFEST /ManifestFile:"Debug\DualTouch.exe.intermediate.manifest" /MANIFESTUAC:"level='asInvoker' uiAccess='false'" /DEBUG /PDB:"C:\Users\amghar\Documents\Visual Studio 2010\Projects\DualTouch\DualTouch\Debug\DualTouch.pdb" /SUBSYSTEM:CONSOLE /TLBID:1 /DYNAMICBASE /NXCOMPAT /IMPLIB:"C:\Users\amghar\Documents\Visual Studio 2010\Projects\DualTouch\DualTouch\Debug\DualTouch.lib" /MACHINE:X86 Debug\DualTouch.exe.embed.manifest.res
         Debug\Camera.obj
         Debug\DualTouch.obj
         Debug\HapticDevice.obj
         Debug\Main.obj
         Debug\Object.obj
         Debug\Physic.obj
         Debug\Renderer.obj
         Debug\WindowsManager.obj
       Manifest:
         C:\Program Files\Microsoft SDKs\Windows\v7.0A\bin\mt.exe /nologo /verbose /out:"Debug\DualTouch.exe.embed.manifest" /manifest Debug\DualTouch.exe.intermediate.manifest
         Toutes les sorties sont à jour.
       LinkEmbedManifest:
         Toutes les sorties sont à jour.
         DualTouch.vcxproj -> C:\Users\amghar\Documents\Visual Studio 2010\Projects\DualTouch\DualTouch\Debug\DualTouch.exe
       FinalizeBuildStatus:
         Suppression du fichier "Debug\DualTouch.unsuccessfulbuild".
         Mise à jour de l'horodatage "Debug\DualTouch.lastbuildstate".
     1>Génération du projet "C:\Users\amghar\Documents\Visual Studio 2010\Projects\DualTouch\DualTouch\DualTouch\DualTouch.vcxproj" terminée (build cible(s)).

La génération a réussi.

Temps écoulé 00:00:04.79
