C:\Users\amghar\Documents\Visual Studio 2010\Projects\DualTouch\DualTouch\Debug\DualTouch.pdb
C:\USERS\AMGHAR\DOCUMENTS\VISUAL STUDIO 2010\PROJECTS\DUALTOUCH\DUALTOUCH\DUALTOUCH\DEBUG\CAMERA.OBJ
C:\Users\amghar\Documents\Visual Studio 2010\Projects\DualTouch\DualTouch\DualTouch\Debug\cl.command.1.tlog
C:\Users\amghar\Documents\Visual Studio 2010\Projects\DualTouch\DualTouch\DualTouch\Debug\CL.read.1.tlog
C:\Users\amghar\Documents\Visual Studio 2010\Projects\DualTouch\DualTouch\DualTouch\Debug\CL.write.1.tlog
C:\USERS\AMGHAR\DOCUMENTS\VISUAL STUDIO 2010\PROJECTS\DUALTOUCH\DUALTOUCH\DUALTOUCH\DEBUG\DUALTOUCH.EXE.EMBED.MANIFEST
C:\USERS\AMGHAR\DOCUMENTS\VISUAL STUDIO 2010\PROJECTS\DUALTOUCH\DUALTOUCH\DUALTOUCH\DEBUG\DUALTOUCH.EXE.EMBED.MANIFEST.RES
C:\Users\amghar\Documents\Visual Studio 2010\Projects\DualTouch\DualTouch\DualTouch\Debug\DualTouch.exe.intermediate.manifest
C:\USERS\AMGHAR\DOCUMENTS\VISUAL STUDIO 2010\PROJECTS\DUALTOUCH\DUALTOUCH\DUALTOUCH\DEBUG\DUALTOUCH.OBJ
C:\Users\amghar\Documents\Visual Studio 2010\Projects\DualTouch\DualTouch\DualTouch\Debug\DualTouch_manifest.rc
C:\USERS\AMGHAR\DOCUMENTS\VISUAL STUDIO 2010\PROJECTS\DUALTOUCH\DUALTOUCH\DUALTOUCH\DEBUG\HAPTICDEVICE.OBJ
C:\Users\amghar\Documents\Visual Studio 2010\Projects\DualTouch\DualTouch\DualTouch\Debug\link.1056.read.1.tlog
C:\Users\amghar\Documents\Visual Studio 2010\Projects\DualTouch\DualTouch\DualTouch\Debug\link.1056.read.2.tlog
C:\Users\amghar\Documents\Visual Studio 2010\Projects\DualTouch\DualTouch\DualTouch\Debug\link.1056.write.1.tlog
C:\Users\amghar\Documents\Visual Studio 2010\Projects\DualTouch\DualTouch\DualTouch\Debug\link.1056-cvtres.read.1.tlog
C:\Users\amghar\Documents\Visual Studio 2010\Projects\DualTouch\DualTouch\DualTouch\Debug\link.1056-cvtres.write.1.tlog
C:\Users\amghar\Documents\Visual Studio 2010\Projects\DualTouch\DualTouch\DualTouch\Debug\link.1164.read.1.tlog
C:\Users\amghar\Documents\Visual Studio 2010\Projects\DualTouch\DualTouch\DualTouch\Debug\link.1164.read.2.tlog
C:\Users\amghar\Documents\Visual Studio 2010\Projects\DualTouch\DualTouch\DualTouch\Debug\link.1164.write.1.tlog
C:\Users\amghar\Documents\Visual Studio 2010\Projects\DualTouch\DualTouch\DualTouch\Debug\link.1164-cvtres.read.1.tlog
C:\Users\amghar\Documents\Visual Studio 2010\Projects\DualTouch\DualTouch\DualTouch\Debug\link.1164-cvtres.write.1.tlog
C:\Users\amghar\Documents\Visual Studio 2010\Projects\DualTouch\DualTouch\DualTouch\Debug\link.1652.read.1.tlog
C:\Users\amghar\Documents\Visual Studio 2010\Projects\DualTouch\DualTouch\DualTouch\Debug\link.1652.read.2.tlog
C:\Users\amghar\Documents\Visual Studio 2010\Projects\DualTouch\DualTouch\DualTouch\Debug\link.1652.write.1.tlog
C:\Users\amghar\Documents\Visual Studio 2010\Projects\DualTouch\DualTouch\DualTouch\Debug\link.1652-cvtres.read.1.tlog
C:\Users\amghar\Documents\Visual Studio 2010\Projects\DualTouch\DualTouch\DualTouch\Debug\link.1652-cvtres.write.1.tlog
C:\Users\amghar\Documents\Visual Studio 2010\Projects\DualTouch\DualTouch\DualTouch\Debug\link.2060.read.1.tlog
C:\Users\amghar\Documents\Visual Studio 2010\Projects\DualTouch\DualTouch\DualTouch\Debug\link.2060.read.2.tlog
C:\Users\amghar\Documents\Visual Studio 2010\Projects\DualTouch\DualTouch\DualTouch\Debug\link.2060.write.1.tlog
C:\Users\amghar\Documents\Visual Studio 2010\Projects\DualTouch\DualTouch\DualTouch\Debug\link.2060-cvtres.read.1.tlog
C:\Users\amghar\Documents\Visual Studio 2010\Projects\DualTouch\DualTouch\DualTouch\Debug\link.2060-cvtres.write.1.tlog
C:\Users\amghar\Documents\Visual Studio 2010\Projects\DualTouch\DualTouch\DualTouch\Debug\link.2296.read.1.tlog
C:\Users\amghar\Documents\Visual Studio 2010\Projects\DualTouch\DualTouch\DualTouch\Debug\link.2296.read.2.tlog
C:\Users\amghar\Documents\Visual Studio 2010\Projects\DualTouch\DualTouch\DualTouch\Debug\link.2296.write.1.tlog
C:\Users\amghar\Documents\Visual Studio 2010\Projects\DualTouch\DualTouch\DualTouch\Debug\link.2296-cvtres.read.1.tlog
C:\Users\amghar\Documents\Visual Studio 2010\Projects\DualTouch\DualTouch\DualTouch\Debug\link.2296-cvtres.write.1.tlog
C:\Users\amghar\Documents\Visual Studio 2010\Projects\DualTouch\DualTouch\DualTouch\Debug\link.2452.read.1.tlog
C:\Users\amghar\Documents\Visual Studio 2010\Projects\DualTouch\DualTouch\DualTouch\Debug\link.2452.read.2.tlog
C:\Users\amghar\Documents\Visual Studio 2010\Projects\DualTouch\DualTouch\DualTouch\Debug\link.2452.write.1.tlog
C:\Users\amghar\Documents\Visual Studio 2010\Projects\DualTouch\DualTouch\DualTouch\Debug\link.2452-cvtres.read.1.tlog
C:\Users\amghar\Documents\Visual Studio 2010\Projects\DualTouch\DualTouch\DualTouch\Debug\link.2452-cvtres.write.1.tlog
C:\Users\amghar\Documents\Visual Studio 2010\Projects\DualTouch\DualTouch\DualTouch\Debug\link.2732.read.1.tlog
C:\Users\amghar\Documents\Visual Studio 2010\Projects\DualTouch\DualTouch\DualTouch\Debug\link.2732.read.2.tlog
C:\Users\amghar\Documents\Visual Studio 2010\Projects\DualTouch\DualTouch\DualTouch\Debug\link.2732.write.1.tlog
C:\Users\amghar\Documents\Visual Studio 2010\Projects\DualTouch\DualTouch\DualTouch\Debug\link.2732-cvtres.read.1.tlog
C:\Users\amghar\Documents\Visual Studio 2010\Projects\DualTouch\DualTouch\DualTouch\Debug\link.2732-cvtres.write.1.tlog
C:\Users\amghar\Documents\Visual Studio 2010\Projects\DualTouch\DualTouch\DualTouch\Debug\link.3008.read.1.tlog
C:\Users\amghar\Documents\Visual Studio 2010\Projects\DualTouch\DualTouch\DualTouch\Debug\link.3008.read.2.tlog
C:\Users\amghar\Documents\Visual Studio 2010\Projects\DualTouch\DualTouch\DualTouch\Debug\link.3008.write.1.tlog
C:\Users\amghar\Documents\Visual Studio 2010\Projects\DualTouch\DualTouch\DualTouch\Debug\link.3008-cvtres.read.1.tlog
C:\Users\amghar\Documents\Visual Studio 2010\Projects\DualTouch\DualTouch\DualTouch\Debug\link.3008-cvtres.write.1.tlog
C:\Users\amghar\Documents\Visual Studio 2010\Projects\DualTouch\DualTouch\DualTouch\Debug\link.3016.read.1.tlog
C:\Users\amghar\Documents\Visual Studio 2010\Projects\DualTouch\DualTouch\DualTouch\Debug\link.3016.read.2.tlog
C:\Users\amghar\Documents\Visual Studio 2010\Projects\DualTouch\DualTouch\DualTouch\Debug\link.3016.write.1.tlog
C:\Users\amghar\Documents\Visual Studio 2010\Projects\DualTouch\DualTouch\DualTouch\Debug\link.3016-cvtres.read.1.tlog
C:\Users\amghar\Documents\Visual Studio 2010\Projects\DualTouch\DualTouch\DualTouch\Debug\link.3016-cvtres.write.1.tlog
C:\Users\amghar\Documents\Visual Studio 2010\Projects\DualTouch\DualTouch\DualTouch\Debug\link.3136.read.1.tlog
C:\Users\amghar\Documents\Visual Studio 2010\Projects\DualTouch\DualTouch\DualTouch\Debug\link.3136.read.2.tlog
C:\Users\amghar\Documents\Visual Studio 2010\Projects\DualTouch\DualTouch\DualTouch\Debug\link.3136.write.1.tlog
C:\Users\amghar\Documents\Visual Studio 2010\Projects\DualTouch\DualTouch\DualTouch\Debug\link.3136-cvtres.read.1.tlog
C:\Users\amghar\Documents\Visual Studio 2010\Projects\DualTouch\DualTouch\DualTouch\Debug\link.3136-cvtres.write.1.tlog
C:\Users\amghar\Documents\Visual Studio 2010\Projects\DualTouch\DualTouch\DualTouch\Debug\link.3364.read.1.tlog
C:\Users\amghar\Documents\Visual Studio 2010\Projects\DualTouch\DualTouch\DualTouch\Debug\link.3364.read.2.tlog
C:\Users\amghar\Documents\Visual Studio 2010\Projects\DualTouch\DualTouch\DualTouch\Debug\link.3364.write.1.tlog
C:\Users\amghar\Documents\Visual Studio 2010\Projects\DualTouch\DualTouch\DualTouch\Debug\link.3364-cvtres.read.1.tlog
C:\Users\amghar\Documents\Visual Studio 2010\Projects\DualTouch\DualTouch\DualTouch\Debug\link.3364-cvtres.write.1.tlog
C:\Users\amghar\Documents\Visual Studio 2010\Projects\DualTouch\DualTouch\DualTouch\Debug\link.3648.read.1.tlog
C:\Users\amghar\Documents\Visual Studio 2010\Projects\DualTouch\DualTouch\DualTouch\Debug\link.3648.read.2.tlog
C:\Users\amghar\Documents\Visual Studio 2010\Projects\DualTouch\DualTouch\DualTouch\Debug\link.3648.write.1.tlog
C:\Users\amghar\Documents\Visual Studio 2010\Projects\DualTouch\DualTouch\DualTouch\Debug\link.3648-cvtres.read.1.tlog
C:\Users\amghar\Documents\Visual Studio 2010\Projects\DualTouch\DualTouch\DualTouch\Debug\link.3648-cvtres.write.1.tlog
C:\Users\amghar\Documents\Visual Studio 2010\Projects\DualTouch\DualTouch\DualTouch\Debug\link.3680.read.1.tlog
C:\Users\amghar\Documents\Visual Studio 2010\Projects\DualTouch\DualTouch\DualTouch\Debug\link.3680.read.2.tlog
C:\Users\amghar\Documents\Visual Studio 2010\Projects\DualTouch\DualTouch\DualTouch\Debug\link.3680.write.1.tlog
C:\Users\amghar\Documents\Visual Studio 2010\Projects\DualTouch\DualTouch\DualTouch\Debug\link.3680-cvtres.read.1.tlog
C:\Users\amghar\Documents\Visual Studio 2010\Projects\DualTouch\DualTouch\DualTouch\Debug\link.3680-cvtres.write.1.tlog
C:\Users\amghar\Documents\Visual Studio 2010\Projects\DualTouch\DualTouch\DualTouch\Debug\link.3772.read.1.tlog
C:\Users\amghar\Documents\Visual Studio 2010\Projects\DualTouch\DualTouch\DualTouch\Debug\link.3772.read.2.tlog
C:\Users\amghar\Documents\Visual Studio 2010\Projects\DualTouch\DualTouch\DualTouch\Debug\link.3772.write.1.tlog
C:\Users\amghar\Documents\Visual Studio 2010\Projects\DualTouch\DualTouch\DualTouch\Debug\link.3772-cvtres.read.1.tlog
C:\Users\amghar\Documents\Visual Studio 2010\Projects\DualTouch\DualTouch\DualTouch\Debug\link.3772-cvtres.write.1.tlog
C:\Users\amghar\Documents\Visual Studio 2010\Projects\DualTouch\DualTouch\DualTouch\Debug\link.3776.read.1.tlog
C:\Users\amghar\Documents\Visual Studio 2010\Projects\DualTouch\DualTouch\DualTouch\Debug\link.3776.read.2.tlog
C:\Users\amghar\Documents\Visual Studio 2010\Projects\DualTouch\DualTouch\DualTouch\Debug\link.3776.write.1.tlog
C:\Users\amghar\Documents\Visual Studio 2010\Projects\DualTouch\DualTouch\DualTouch\Debug\link.3776-cvtres.read.1.tlog
C:\Users\amghar\Documents\Visual Studio 2010\Projects\DualTouch\DualTouch\DualTouch\Debug\link.3776-cvtres.write.1.tlog
C:\Users\amghar\Documents\Visual Studio 2010\Projects\DualTouch\DualTouch\DualTouch\Debug\link.3868.read.1.tlog
C:\Users\amghar\Documents\Visual Studio 2010\Projects\DualTouch\DualTouch\DualTouch\Debug\link.3868.read.2.tlog
C:\Users\amghar\Documents\Visual Studio 2010\Projects\DualTouch\DualTouch\DualTouch\Debug\link.3868.write.1.tlog
C:\Users\amghar\Documents\Visual Studio 2010\Projects\DualTouch\DualTouch\DualTouch\Debug\link.3868-cvtres.read.1.tlog
C:\Users\amghar\Documents\Visual Studio 2010\Projects\DualTouch\DualTouch\DualTouch\Debug\link.3868-cvtres.write.1.tlog
C:\Users\amghar\Documents\Visual Studio 2010\Projects\DualTouch\DualTouch\DualTouch\Debug\link.3924.read.1.tlog
C:\Users\amghar\Documents\Visual Studio 2010\Projects\DualTouch\DualTouch\DualTouch\Debug\link.3924.read.2.tlog
C:\Users\amghar\Documents\Visual Studio 2010\Projects\DualTouch\DualTouch\DualTouch\Debug\link.3924.write.1.tlog
C:\Users\amghar\Documents\Visual Studio 2010\Projects\DualTouch\DualTouch\DualTouch\Debug\link.3924-cvtres.read.1.tlog
C:\Users\amghar\Documents\Visual Studio 2010\Projects\DualTouch\DualTouch\DualTouch\Debug\link.3924-cvtres.write.1.tlog
C:\Users\amghar\Documents\Visual Studio 2010\Projects\DualTouch\DualTouch\DualTouch\Debug\link.3944.read.1.tlog
C:\Users\amghar\Documents\Visual Studio 2010\Projects\DualTouch\DualTouch\DualTouch\Debug\link.3944.read.2.tlog
C:\Users\amghar\Documents\Visual Studio 2010\Projects\DualTouch\DualTouch\DualTouch\Debug\link.3944.write.1.tlog
C:\Users\amghar\Documents\Visual Studio 2010\Projects\DualTouch\DualTouch\DualTouch\Debug\link.3944-cvtres.read.1.tlog
C:\Users\amghar\Documents\Visual Studio 2010\Projects\DualTouch\DualTouch\DualTouch\Debug\link.3944-cvtres.write.1.tlog
C:\Users\amghar\Documents\Visual Studio 2010\Projects\DualTouch\DualTouch\DualTouch\Debug\link.3972.read.1.tlog
C:\Users\amghar\Documents\Visual Studio 2010\Projects\DualTouch\DualTouch\DualTouch\Debug\link.3972.read.2.tlog
C:\Users\amghar\Documents\Visual Studio 2010\Projects\DualTouch\DualTouch\DualTouch\Debug\link.3972.write.1.tlog
C:\Users\amghar\Documents\Visual Studio 2010\Projects\DualTouch\DualTouch\DualTouch\Debug\link.3972-cvtres.read.1.tlog
C:\Users\amghar\Documents\Visual Studio 2010\Projects\DualTouch\DualTouch\DualTouch\Debug\link.3972-cvtres.write.1.tlog
C:\Users\amghar\Documents\Visual Studio 2010\Projects\DualTouch\DualTouch\DualTouch\Debug\link.4028.read.1.tlog
C:\Users\amghar\Documents\Visual Studio 2010\Projects\DualTouch\DualTouch\DualTouch\Debug\link.4028.read.2.tlog
C:\Users\amghar\Documents\Visual Studio 2010\Projects\DualTouch\DualTouch\DualTouch\Debug\link.4028.write.1.tlog
C:\Users\amghar\Documents\Visual Studio 2010\Projects\DualTouch\DualTouch\DualTouch\Debug\link.4028-cvtres.read.1.tlog
C:\Users\amghar\Documents\Visual Studio 2010\Projects\DualTouch\DualTouch\DualTouch\Debug\link.4028-cvtres.write.1.tlog
C:\Users\amghar\Documents\Visual Studio 2010\Projects\DualTouch\DualTouch\DualTouch\Debug\link.444.read.1.tlog
C:\Users\amghar\Documents\Visual Studio 2010\Projects\DualTouch\DualTouch\DualTouch\Debug\link.444.read.2.tlog
C:\Users\amghar\Documents\Visual Studio 2010\Projects\DualTouch\DualTouch\DualTouch\Debug\link.444.write.1.tlog
C:\Users\amghar\Documents\Visual Studio 2010\Projects\DualTouch\DualTouch\DualTouch\Debug\link.444-cvtres.read.1.tlog
C:\Users\amghar\Documents\Visual Studio 2010\Projects\DualTouch\DualTouch\DualTouch\Debug\link.444-cvtres.write.1.tlog
C:\Users\amghar\Documents\Visual Studio 2010\Projects\DualTouch\DualTouch\DualTouch\Debug\link.824.read.1.tlog
C:\Users\amghar\Documents\Visual Studio 2010\Projects\DualTouch\DualTouch\DualTouch\Debug\link.824.read.2.tlog
C:\Users\amghar\Documents\Visual Studio 2010\Projects\DualTouch\DualTouch\DualTouch\Debug\link.824.write.1.tlog
C:\Users\amghar\Documents\Visual Studio 2010\Projects\DualTouch\DualTouch\DualTouch\Debug\link.824-cvtres.read.1.tlog
C:\Users\amghar\Documents\Visual Studio 2010\Projects\DualTouch\DualTouch\DualTouch\Debug\link.824-cvtres.write.1.tlog
C:\Users\amghar\Documents\Visual Studio 2010\Projects\DualTouch\DualTouch\DualTouch\Debug\link.844.read.1.tlog
C:\Users\amghar\Documents\Visual Studio 2010\Projects\DualTouch\DualTouch\DualTouch\Debug\link.844.read.2.tlog
C:\Users\amghar\Documents\Visual Studio 2010\Projects\DualTouch\DualTouch\DualTouch\Debug\link.844.write.1.tlog
C:\Users\amghar\Documents\Visual Studio 2010\Projects\DualTouch\DualTouch\DualTouch\Debug\link.844-cvtres.read.1.tlog
C:\Users\amghar\Documents\Visual Studio 2010\Projects\DualTouch\DualTouch\DualTouch\Debug\link.844-cvtres.write.1.tlog
C:\Users\amghar\Documents\Visual Studio 2010\Projects\DualTouch\DualTouch\DualTouch\Debug\link.command.1.tlog
C:\Users\amghar\Documents\Visual Studio 2010\Projects\DualTouch\DualTouch\DualTouch\Debug\link.read.1.tlog
C:\Users\amghar\Documents\Visual Studio 2010\Projects\DualTouch\DualTouch\DualTouch\Debug\link.read.2.tlog
C:\Users\amghar\Documents\Visual Studio 2010\Projects\DualTouch\DualTouch\DualTouch\Debug\link.write.1.tlog
C:\Users\amghar\Documents\Visual Studio 2010\Projects\DualTouch\DualTouch\DualTouch\Debug\link-cvtres.read.1.tlog
C:\Users\amghar\Documents\Visual Studio 2010\Projects\DualTouch\DualTouch\DualTouch\Debug\link-cvtres.write.1.tlog
C:\USERS\AMGHAR\DOCUMENTS\VISUAL STUDIO 2010\PROJECTS\DUALTOUCH\DUALTOUCH\DUALTOUCH\DEBUG\MAIN.OBJ
C:\Users\amghar\Documents\Visual Studio 2010\Projects\DualTouch\DualTouch\DualTouch\Debug\mt.command.1.tlog
C:\Users\amghar\Documents\Visual Studio 2010\Projects\DualTouch\DualTouch\DualTouch\Debug\mt.read.1.tlog
C:\Users\amghar\Documents\Visual Studio 2010\Projects\DualTouch\DualTouch\DualTouch\Debug\mt.write.1.tlog
C:\USERS\AMGHAR\DOCUMENTS\VISUAL STUDIO 2010\PROJECTS\DUALTOUCH\DUALTOUCH\DUALTOUCH\DEBUG\OBJECT.OBJ
C:\USERS\AMGHAR\DOCUMENTS\VISUAL STUDIO 2010\PROJECTS\DUALTOUCH\DUALTOUCH\DUALTOUCH\DEBUG\PHYSIC.OBJ
C:\Users\amghar\Documents\Visual Studio 2010\Projects\DualTouch\DualTouch\DualTouch\Debug\rc.command.1.tlog
C:\Users\amghar\Documents\Visual Studio 2010\Projects\DualTouch\DualTouch\DualTouch\Debug\rc.read.1.tlog
C:\Users\amghar\Documents\Visual Studio 2010\Projects\DualTouch\DualTouch\DualTouch\Debug\rc.write.1.tlog
C:\USERS\AMGHAR\DOCUMENTS\VISUAL STUDIO 2010\PROJECTS\DUALTOUCH\DUALTOUCH\DUALTOUCH\DEBUG\RENDERER.OBJ
C:\Users\amghar\Documents\Visual Studio 2010\Projects\DualTouch\DualTouch\DualTouch\Debug\vc100.idb
C:\USERS\AMGHAR\DOCUMENTS\VISUAL STUDIO 2010\PROJECTS\DUALTOUCH\DUALTOUCH\DUALTOUCH\DEBUG\VC100.PDB
C:\USERS\AMGHAR\DOCUMENTS\VISUAL STUDIO 2010\PROJECTS\DUALTOUCH\DUALTOUCH\DUALTOUCH\DEBUG\WINDOWSMANAGER.OBJ
